Using pre-set license
Built from '2020.2/release' branch; Version is '2020.2.1f1 (270dd8c3da1c) revision 2559448'; Using compiler version '192528614'; Build Type 'Release'
OS: 'Windows 10  (10.0.0) 64bit' Language: 'en' Physical Memory: 16228 MB
BatchMode: 1, IsHumanControllingUs: 0, StartBugReporterOnCrash: 0, Is64bit: 1, IsPro: 0

 COMMAND LINE ARGUMENTS:
D:\Program Files\Unity\2020.2.1f1\Editor\Unity.exe
-adb2
-batchMode
-noUpm
-name
AssetImportWorker0
-projectPath
C:/Users/vinzu/OneDrive/Desktop/NetDrive Folder/Semester 6/COMP397-MSI/COMP397002_202001_Assignment-01/Project Epistles
-logFile
Logs/AssetImportWorker0.log
-srvPort
51970
Successfully changed project path to: C:/Users/vinzu/OneDrive/Desktop/NetDrive Folder/Semester 6/COMP397-MSI/COMP397002_202001_Assignment-01/Project Epistles
C:/Users/vinzu/OneDrive/Desktop/NetDrive Folder/Semester 6/COMP397-MSI/COMP397002_202001_Assignment-01/Project Epistles
Using Asset Import Pipeline V2.
Refreshing native plugins compatible for Editor in 132.88 ms, found 0 plugins.
Preloading 0 native plugins for Editor in 0.00 ms.
Initialize engine version: 2020.2.1f1 (270dd8c3da1c)
[Subsystems] Discovering subsystems at path D:/Program Files/Unity/2020.2.1f1/Editor/Data/Resources/UnitySubsystems
[Subsystems] Discovering subsystems at path C:/Users/vinzu/OneDrive/Desktop/NetDrive Folder/Semester 6/COMP397-MSI/COMP397002_202001_Assignment-01/Project Epistles/Assets
GfxDevice: creating device client; threaded=0
Direct3D:
    Version:  Direct3D 11.0 [level 11.1]
    Renderer: NVIDIA GeForce RTX 2060 (ID=0x1f11)
    Vendor:   
    VRAM:     5980 MB
    Driver:   27.21.14.6589
Initialize mono
Mono path[0] = 'D:/Program Files/Unity/2020.2.1f1/Editor/Data/Managed'
Mono path[1] = 'D:/Program Files/Unity/2020.2.1f1/Editor/Data/MonoBleedingEdge/lib/mono/unityjit'
Mono config path = 'D:/Program Files/Unity/2020.2.1f1/Editor/Data/MonoBleedingEdge/etc'
Using monoOptions --debugger-agent=transport=dt_socket,embedding=1,server=y,suspend=n,address=127.0.0.1:56540
Begin MonoManager ReloadAssembly
Registering precompiled unity dll's ...
Register platform support module: D:/Program Files/Unity/2020.2.1f1/Editor/Data/PlaybackEngines/WebGLSupport/UnityEditor.WebGL.Extensions.dll
Register platform support module: D:/Program Files/Unity/2020.2.1f1/Editor/Data/PlaybackEngines/WindowsStandaloneSupport/UnityEditor.WindowsStandalone.Extensions.dll
Registered in 0.003157 seconds.
Native extension for WindowsStandalone target not found
Native extension for WebGL target not found
Refreshing native plugins compatible for Editor in 95.96 ms, found 0 plugins.
Preloading 0 native plugins for Editor in 0.00 ms.
Invoked RoslynAnalysisRunner static constructor.
RoslynAnalysisRunner will not be running.
RoslynAnalysisRunner has terminated.
Mono: successfully reloaded assembly
- Completed reload, in  6.195 seconds
Platform modules already initialized, skipping
Registering precompiled user dll's ...
Registered in 0.002165 seconds.
Begin MonoManager ReloadAssembly
Native extension for WindowsStandalone target not found
Native extension for WebGL target not found
Refreshing native plugins compatible for Editor in 1.44 ms, found 0 plugins.
Preloading 0 native plugins for Editor in 0.00 ms.
Invoked RoslynAnalysisRunner static constructor.
RoslynAnalysisRunner will not be running.
RoslynAnalysisRunner has terminated.
Mono: successfully reloaded assembly
- Completed reload, in  2.541 seconds
Platform modules already initialized, skipping
========================================================================
Worker process is ready to serve import requests
Launched and connected shader compiler UnityShaderCompiler.exe after 0.06 seconds
Refreshing native plugins compatible for Editor in 1.10 ms, found 0 plugins.
Preloading 0 native plugins for Editor in 0.00 ms.
Unloading 2271 Unused Serialized files (Serialized files now loaded: 0)
System memory in use before: 184.6 MB.
System memory in use after: 184.6 MB.

Unloading 139 unused Assets to reduce memory usage. Loaded Objects now: 2729.
Total: 10.026700 ms (FindLiveObjects: 1.408000 ms CreateObjectMapping: 0.623000 ms MarkObjects: 7.620700 ms  DeleteObjects: 0.370200 ms)

========================================================================
Received Import Request.
  path: Assets/Turntable_platforms/Models/platform.fbx
  artifactKey: Guid(3750b896b58829b47b9e26f5ceef3dad) Importer(815301076,1909f56bfc062723c751e8b465ee728b)
Start importing Assets/Turntable_platforms/Models/platform.fbx using Guid(3750b896b58829b47b9e26f5ceef3dad) Importer(815301076,1909f56bfc062723c751e8b465ee728b)  -> (artifact id: '649cd9d029a89cd32d21134dbbbb3099') in 0.350564 seconds
  Import took 0.358602 seconds .

========================================================================
Received Import Request.
  Time since last request: 0.000523 seconds.
  path: Assets/Turntable_platforms/Prefabs/platforms/platform4.prefab
  artifactKey: Guid(4b13d2ce1ca2e05428c177b19533addc) Importer(815301076,1909f56bfc062723c751e8b465ee728b)
Start importing Assets/Turntable_platforms/Prefabs/platforms/platform4.prefab using Guid(4b13d2ce1ca2e05428c177b19533addc) Importer(815301076,1909f56bfc062723c751e8b465ee728b)  -> (artifact id: '4ad8d2e2ac1c9ddfac6aa848948ae3a6') in 0.107967 seconds
  Import took 0.117049 seconds .

========================================================================
Received Import Request.
  Time since last request: 0.001223 seconds.
  path: Assets/Turntable_platforms/Prefabs/platforms/platform3.prefab
  artifactKey: Guid(726f4455159fb004bafa8f7d44ea0a26) Importer(815301076,1909f56bfc062723c751e8b465ee728b)
Start importing Assets/Turntable_platforms/Prefabs/platforms/platform3.prefab using Guid(726f4455159fb004bafa8f7d44ea0a26) Importer(815301076,1909f56bfc062723c751e8b465ee728b)  -> (artifact id: '82c357e8c5706333802c5c0580af608b') in 0.031721 seconds
  Import took 0.043366 seconds .

========================================================================
Received Import Request.
  Time since last request: 0.000732 seconds.
  path: Assets/Turntable_platforms/Prefabs/platforms/platform1.prefab
  artifactKey: Guid(4c4b74795dcc8de4388e3ae8f85e1483) Importer(815301076,1909f56bfc062723c751e8b465ee728b)
Start importing Assets/Turntable_platforms/Prefabs/platforms/platform1.prefab using Guid(4c4b74795dcc8de4388e3ae8f85e1483) Importer(815301076,1909f56bfc062723c751e8b465ee728b)  -> (artifact id: '2e66f425cbd6b7c7092f694267a41038') in 0.022581 seconds
  Import took 0.029876 seconds .

========================================================================
Received Import Request.
  Time since last request: 0.000361 seconds.
  path: Assets/Turntable_platforms/Prefabs/platforms
  artifactKey: Guid(2564cee7c5a6fe24186b29366f8ceb1b) Importer(815301076,1909f56bfc062723c751e8b465ee728b)
Start importing Assets/Turntable_platforms/Prefabs/platforms using Guid(2564cee7c5a6fe24186b29366f8ceb1b) Importer(815301076,1909f56bfc062723c751e8b465ee728b)  -> (artifact id: 'e54a4b264accedba19b620ec51c0bba1') in 0.006400 seconds
  Import took 0.013171 seconds .

========================================================================
Received Import Request.
  Time since last request: 0.000345 seconds.
  path: Assets/Turntable_platforms/Prefabs/platforms/platform2.prefab
  artifactKey: Guid(38c2e9df535eb8b4fbee8f766e484fdd) Importer(815301076,1909f56bfc062723c751e8b465ee728b)
Start importing Assets/Turntable_platforms/Prefabs/platforms/platform2.prefab using Guid(38c2e9df535eb8b4fbee8f766e484fdd) Importer(815301076,1909f56bfc062723c751e8b465ee728b)  -> (artifact id: '17b8fc51f251efa30a1650d690aef20a') in 0.033926 seconds
  Import took 0.041109 seconds .

========================================================================
Received Import Request.
  Time since last request: 290.920336 seconds.
  path: Assets/Turntable_platforms/Textures/platform1.png
  artifactKey: Guid(6da442030800f974686646aa553250e9) Importer(815301076,1909f56bfc062723c751e8b465ee728b)
Start importing Assets/Turntable_platforms/Textures/platform1.png using Guid(6da442030800f974686646aa553250e9) Importer(815301076,1909f56bfc062723c751e8b465ee728b)  -> (artifact id: '0f3e18822fdd17602c2bc9767718e267') in 0.071528 seconds
  Import took 0.081633 seconds .

========================================================================
Received Import Request.
  Time since last request: 0.009318 seconds.
  path: Assets/Turntable_platforms/Textures/platform1.png
  artifactKey: Guid(6da442030800f974686646aa553250e9) Importer(815301076,1909f56bfc062723c751e8b465ee728b)
Start importing Assets/Turntable_platforms/Textures/platform1.png using Guid(6da442030800f974686646aa553250e9) Importer(815301076,1909f56bfc062723c751e8b465ee728b)  -> (artifact id: '0f3e18822fdd17602c2bc9767718e267') in 0.015255 seconds
  Import took 0.030139 seconds .

========================================================================
Received Import Request.
  Time since last request: 0.505889 seconds.
  path: Assets/Turntable_platforms/Textures/platform2.png
  artifactKey: Guid(0e19f303357925d44b5e786901f2d4d0) Importer(815301076,1909f56bfc062723c751e8b465ee728b)
Start importing Assets/Turntable_platforms/Textures/platform2.png using Guid(0e19f303357925d44b5e786901f2d4d0) Importer(815301076,1909f56bfc062723c751e8b465ee728b)  -> (artifact id: 'e14a893f930897b6a2c2c858a16d1483') in 0.015593 seconds
  Import took 0.028963 seconds .

========================================================================
Received Import Request.
  Time since last request: 0.912749 seconds.
  path: Assets/Turntable_platforms/Textures/platform3.png
  artifactKey: Guid(39099aee48cdfa34293c59a268d17146) Importer(815301076,1909f56bfc062723c751e8b465ee728b)
Start importing Assets/Turntable_platforms/Textures/platform3.png using Guid(39099aee48cdfa34293c59a268d17146) Importer(815301076,1909f56bfc062723c751e8b465ee728b)  -> (artifact id: '914fe94ceb40a031bc452f46a8739439') in 0.023932 seconds
  Import took 0.031740 seconds .

========================================================================
Received Import Request.
  Time since last request: 1.285714 seconds.
  path: Assets/Turntable_platforms/Textures/props.png
  artifactKey: Guid(3ccc530a9515b0449836fa6df005950c) Importer(815301076,1909f56bfc062723c751e8b465ee728b)
Start importing Assets/Turntable_platforms/Textures/props.png using Guid(3ccc530a9515b0449836fa6df005950c) Importer(815301076,1909f56bfc062723c751e8b465ee728b)  -> (artifact id: '112777b4e9a6c62e6b66a45723dbd8ec') in 0.019713 seconds
  Import took 0.026881 seconds .

========================================================================
Received Import Request.
  Time since last request: 3.592167 seconds.
  path: Assets/Turntable_platforms/Models/props.fbx
  artifactKey: Guid(b4a32d774f922924e81b908bd5fdcbfc) Importer(815301076,1909f56bfc062723c751e8b465ee728b)
Start importing Assets/Turntable_platforms/Models/props.fbx using Guid(b4a32d774f922924e81b908bd5fdcbfc) Importer(815301076,1909f56bfc062723c751e8b465ee728b)  -> (artifact id: 'bab571dce880fff15f8d934139b65c61') in 0.135194 seconds
  Import took 0.151615 seconds .

========================================================================
Received Import Request.
  Time since last request: 2.251462 seconds.
  path: Assets/Turntable_platforms/Materials/Cutout_2Sided.shader
  artifactKey: Guid(cfef585171d049d44a13081f8e3648c8) Importer(815301076,1909f56bfc062723c751e8b465ee728b)
Start importing Assets/Turntable_platforms/Materials/Cutout_2Sided.shader using Guid(cfef585171d049d44a13081f8e3648c8) Importer(815301076,1909f56bfc062723c751e8b465ee728b)  -> (artifact id: 'af9eda78a3d78e7de292e96248e149fa') in 0.009931 seconds
  Import took 0.022511 seconds .

========================================================================
Received Import Request.
  Time since last request: 0.005330 seconds.
  path: Assets/Turntable_platforms/Materials/Cutout_2Sided.shader
  artifactKey: Guid(cfef585171d049d44a13081f8e3648c8) Importer(815301076,1909f56bfc062723c751e8b465ee728b)
Start importing Assets/Turntable_platforms/Materials/Cutout_2Sided.shader using Guid(cfef585171d049d44a13081f8e3648c8) Importer(815301076,1909f56bfc062723c751e8b465ee728b)  -> (artifact id: 'af9eda78a3d78e7de292e96248e149fa') in 0.006094 seconds
  Import took 0.013590 seconds .

========================================================================
Received Prepare
Registering precompiled user dll's ...
Registered in 0.003177 seconds.
Begin MonoManager ReloadAssembly
Native extension for WindowsStandalone target not found
Native extension for WebGL target not found
Refreshing native plugins compatible for Editor in 1.08 ms, found 0 plugins.
Preloading 0 native plugins for Editor in 0.00 ms.
Warning: Annotation not found!
UnityEngine.StackTraceUtility:ExtractStackTrace ()
UnityEditor.ProBuilder.EditorUtility:SetGizmoIconEnabled (System.Type,bool) (at Library/PackageCache/com.unity.probuilder@4.4.0/Editor/EditorCore/EditorUtility.cs:593)
UnityEditor.ProBuilder.HierarchyListener:.cctor () (at Library/PackageCache/com.unity.probuilder@4.4.0/Editor/EditorCore/HierarchyListener.cs:21)
System.Runtime.CompilerServices.RuntimeHelpers:RunClassConstructor (System.RuntimeTypeHandle)
UnityEditor.EditorAssemblies:ProcessInitializeOnLoadAttributes (System.Type[])

[Library/PackageCache/com.unity.probuilder@4.4.0/Editor/EditorCore/EditorUtility.cs line 593]

Invoked RoslynAnalysisRunner static constructor.
RoslynAnalysisRunner will not be running.
RoslynAnalysisRunner has terminated.
Mono: successfully reloaded assembly
- Completed reload, in  1.912 seconds
Platform modules already initialized, skipping
Refreshing native plugins compatible for Editor in 0.64 ms, found 0 plugins.
Preloading 0 native plugins for Editor in 0.00 ms.
Unloading 2184 Unused Serialized files (Serialized files now loaded: 0)
System memory in use before: 179.5 MB.
System memory in use after: 179.7 MB.

Unloading 6 unused Assets to reduce memory usage. Loaded Objects now: 2743.
Total: 7.273100 ms (FindLiveObjects: 0.486100 ms CreateObjectMapping: 0.170200 ms MarkObjects: 6.531900 ms  DeleteObjects: 0.082000 ms)

========================================================================
Received Import Request.
  Time since last request: 320.555851 seconds.
  path: Assets/MainGame/_Scenes/FirstLevel.unity
  artifactKey: Guid(a93c8f727f3196941b92761d8a44628c) Importer(815301076,1909f56bfc062723c751e8b465ee728b)
Start importing Assets/MainGame/_Scenes/FirstLevel.unity using Guid(a93c8f727f3196941b92761d8a44628c) Importer(815301076,1909f56bfc062723c751e8b465ee728b)  -> (artifact id: 'daba09a021d1c7b646d4c14de942d80a') in 0.013147 seconds
  Import took 0.021164 seconds .

========================================================================
Received Import Request.
  Time since last request: 127.294543 seconds.
  path: Assets/Turntable_platforms/scene.unity
  artifactKey: Guid(975f7b1fd01a55a4f990d632df8d7afb) Importer(815301076,1909f56bfc062723c751e8b465ee728b)
Start importing Assets/Turntable_platforms/scene.unity using Guid(975f7b1fd01a55a4f990d632df8d7afb) Importer(815301076,1909f56bfc062723c751e8b465ee728b)  -> (artifact id: 'c4627dacb81075ef925cbe25beef6a2c') in 0.008816 seconds
  Import took 0.030491 seconds .

========================================================================
Received Import Request.
  Time since last request: 41.370315 seconds.
  path: Assets/MainGame/_Scenes/FirstLevel.unity
  artifactKey: Guid(a93c8f727f3196941b92761d8a44628c) Importer(815301076,1909f56bfc062723c751e8b465ee728b)
Start importing Assets/MainGame/_Scenes/FirstLevel.unity using Guid(a93c8f727f3196941b92761d8a44628c) Importer(815301076,1909f56bfc062723c751e8b465ee728b)  -> (artifact id: '807b80215503819e57812b511c7291e3') in 0.004919 seconds
  Import took 0.012983 seconds .

========================================================================
Received Prepare
Registering precompiled user dll's ...
Registered in 0.002908 seconds.
Begin MonoManager ReloadAssembly
Native extension for WindowsStandalone target not found
Native extension for WebGL target not found
Refreshing native plugins compatible for Editor in 0.88 ms, found 0 plugins.
Preloading 0 native plugins for Editor in 0.00 ms.
Warning: Annotation not found!
UnityEngine.StackTraceUtility:ExtractStackTrace ()
UnityEditor.ProBuilder.EditorUtility:SetGizmoIconEnabled (System.Type,bool) (at Library/PackageCache/com.unity.probuilder@4.4.0/Editor/EditorCore/EditorUtility.cs:593)
UnityEditor.ProBuilder.HierarchyListener:.cctor () (at Library/PackageCache/com.unity.probuilder@4.4.0/Editor/EditorCore/HierarchyListener.cs:21)
System.Runtime.CompilerServices.RuntimeHelpers:RunClassConstructor (System.RuntimeTypeHandle)
UnityEditor.EditorAssemblies:ProcessInitializeOnLoadAttributes (System.Type[])

[Library/PackageCache/com.unity.probuilder@4.4.0/Editor/EditorCore/EditorUtility.cs line 593]

Invoked RoslynAnalysisRunner static constructor.
RoslynAnalysisRunner will not be running.
RoslynAnalysisRunner has terminated.
Mono: successfully reloaded assembly
- Completed reload, in  1.896 seconds
Platform modules already initialized, skipping
Refreshing native plugins compatible for Editor in 0.83 ms, found 0 plugins.
Preloading 0 native plugins for Editor in 0.00 ms.
Unloading 2184 Unused Serialized files (Serialized files now loaded: 0)
System memory in use before: 179.8 MB.
System memory in use after: 180.0 MB.

Unloading 6 unused Assets to reduce memory usage. Loaded Objects now: 2745.
Total: 4.554600 ms (FindLiveObjects: 0.516500 ms CreateObjectMapping: 0.229100 ms MarkObjects: 3.731800 ms  DeleteObjects: 0.075000 ms)

========================================================================
Received Import Request.
  Time since last request: 768.689499 seconds.
  path: Assets/Turntable_platforms/Materials
  artifactKey: Guid(6f5a112f3fa81f0489ff36023f59d695) Importer(815301076,1909f56bfc062723c751e8b465ee728b)
Start importing Assets/Turntable_platforms/Materials using Guid(6f5a112f3fa81f0489ff36023f59d695) Importer(815301076,1909f56bfc062723c751e8b465ee728b)  -> (artifact id: '9ba5f5679d41dba8e55137dc350095d4') in 0.012686 seconds
  Import took 0.020996 seconds .

========================================================================
Received Import Request.
  Time since last request: 1.612366 seconds.
  path: Assets/Turntable_platforms/GodRays
  artifactKey: Guid(a6785aa28f0f963408cd73d883cec15b) Importer(815301076,1909f56bfc062723c751e8b465ee728b)
Start importing Assets/Turntable_platforms/GodRays using Guid(a6785aa28f0f963408cd73d883cec15b) Importer(815301076,1909f56bfc062723c751e8b465ee728b)  -> (artifact id: '75ef302553555e895edb77a54ef19ed0') in 0.015566 seconds
  Import took 0.027214 seconds .

========================================================================
Received Import Request.
  Time since last request: 0.589478 seconds.
  path: Assets/Turntable_platforms/Models
  artifactKey: Guid(2e267274688d6b0449490c20574488ea) Importer(815301076,1909f56bfc062723c751e8b465ee728b)
Start importing Assets/Turntable_platforms/Models using Guid(2e267274688d6b0449490c20574488ea) Importer(815301076,1909f56bfc062723c751e8b465ee728b)  -> (artifact id: '1345f1a5903ad1723ff6bad7d0c33a79') in 0.013922 seconds
  Import took 0.030525 seconds .

========================================================================
Received Import Request.
  Time since last request: 11.858900 seconds.
  path: Assets/Turntable_platforms/Prefabs/flowers
  artifactKey: Guid(54754d684e559284392f1fa6ff91abc2) Importer(815301076,1909f56bfc062723c751e8b465ee728b)
Start importing Assets/Turntable_platforms/Prefabs/flowers using Guid(54754d684e559284392f1fa6ff91abc2) Importer(815301076,1909f56bfc062723c751e8b465ee728b)  -> (artifact id: '86a6c7ab0827ccc38f7e46cce1c73646') in 0.006939 seconds
  Import took 0.014572 seconds .

========================================================================
Received Import Request.
  Time since last request: 0.681475 seconds.
  path: Assets/Turntable_platforms/Prefabs/gass
  artifactKey: Guid(1e2e4eaa523bca74fa38d96c44d59e50) Importer(815301076,1909f56bfc062723c751e8b465ee728b)
Start importing Assets/Turntable_platforms/Prefabs/gass using Guid(1e2e4eaa523bca74fa38d96c44d59e50) Importer(815301076,1909f56bfc062723c751e8b465ee728b)  -> (artifact id: '8375139c5e92917d88ccb5dd51224e5e') in 0.011996 seconds
  Import took 0.017742 seconds .

========================================================================
Received Prepare
Registering precompiled user dll's ...
Registered in 0.002362 seconds.
Begin MonoManager ReloadAssembly
Native extension for WindowsStandalone target not found
Native extension for WebGL target not found
Refreshing native plugins compatible for Editor in 0.65 ms, found 0 plugins.
Preloading 0 native plugins for Editor in 0.00 ms.
Warning: Annotation not found!
UnityEngine.StackTraceUtility:ExtractStackTrace ()
UnityEditor.ProBuilder.EditorUtility:SetGizmoIconEnabled (System.Type,bool) (at Library/PackageCache/com.unity.probuilder@4.4.0/Editor/EditorCore/EditorUtility.cs:593)
UnityEditor.ProBuilder.HierarchyListener:.cctor () (at Library/PackageCache/com.unity.probuilder@4.4.0/Editor/EditorCore/HierarchyListener.cs:21)
System.Runtime.CompilerServices.RuntimeHelpers:RunClassConstructor (System.RuntimeTypeHandle)
UnityEditor.EditorAssemblies:ProcessInitializeOnLoadAttributes (System.Type[])

[Library/PackageCache/com.unity.probuilder@4.4.0/Editor/EditorCore/EditorUtility.cs line 593]

Invoked RoslynAnalysisRunner static constructor.
RoslynAnalysisRunner will not be running.
RoslynAnalysisRunner has terminated.
Mono: successfully reloaded assembly
- Completed reload, in  2.176 seconds
Platform modules already initialized, skipping
Refreshing native plugins compatible for Editor in 1.30 ms, found 0 plugins.
Preloading 0 native plugins for Editor in 0.00 ms.
Unloading 2184 Unused Serialized files (Serialized files now loaded: 0)
System memory in use before: 179.9 MB.
System memory in use after: 180.1 MB.

Unloading 6 unused Assets to reduce memory usage. Loaded Objects now: 2747.
Total: 4.070500 ms (FindLiveObjects: 0.452100 ms CreateObjectMapping: 0.211900 ms MarkObjects: 3.333200 ms  DeleteObjects: 0.071300 ms)

========================================================================
Received Prepare
Registering precompiled user dll's ...
Registered in 0.002373 seconds.
Begin MonoManager ReloadAssembly
Native extension for WindowsStandalone target not found
Native extension for WebGL target not found
Refreshing native plugins compatible for Editor in 0.98 ms, found 0 plugins.
Preloading 0 native plugins for Editor in 0.00 ms.
Warning: Annotation not found!
UnityEngine.StackTraceUtility:ExtractStackTrace ()
UnityEditor.ProBuilder.EditorUtility:SetGizmoIconEnabled (System.Type,bool) (at Library/PackageCache/com.unity.probuilder@4.4.0/Editor/EditorCore/EditorUtility.cs:593)
UnityEditor.ProBuilder.HierarchyListener:.cctor () (at Library/PackageCache/com.unity.probuilder@4.4.0/Editor/EditorCore/HierarchyListener.cs:21)
System.Runtime.CompilerServices.RuntimeHelpers:RunClassConstructor (System.RuntimeTypeHandle)
UnityEditor.EditorAssemblies:ProcessInitializeOnLoadAttributes (System.Type[])

[Library/PackageCache/com.unity.probuilder@4.4.0/Editor/EditorCore/EditorUtility.cs line 593]

Invoked RoslynAnalysisRunner static constructor.
RoslynAnalysisRunner will not be running.
RoslynAnalysisRunner has terminated.
Mono: successfully reloaded assembly
- Completed reload, in  2.439 seconds
Platform modules already initialized, skipping
Refreshing native plugins compatible for Editor in 5.68 ms, found 0 plugins.
Preloading 0 native plugins for Editor in 0.00 ms.
Unloading 2184 Unused Serialized files (Serialized files now loaded: 0)
System memory in use before: 179.4 MB.
System memory in use after: 179.5 MB.

Unloading 6 unused Assets to reduce memory usage. Loaded Objects now: 2749.
Total: 4.313300 ms (FindLiveObjects: 0.350100 ms CreateObjectMapping: 0.184600 ms MarkObjects: 3.684500 ms  DeleteObjects: 0.091500 ms)

========================================================================
Received Prepare
Registering precompiled user dll's ...
Registered in 0.002438 seconds.
Begin MonoManager ReloadAssembly
Native extension for WindowsStandalone target not found
Native extension for WebGL target not found
Refreshing native plugins compatible for Editor in 0.86 ms, found 0 plugins.
Preloading 0 native plugins for Editor in 0.00 ms.
Warning: Annotation not found!
UnityEngine.StackTraceUtility:ExtractStackTrace ()
UnityEditor.ProBuilder.EditorUtility:SetGizmoIconEnabled (System.Type,bool) (at Library/PackageCache/com.unity.probuilder@4.4.0/Editor/EditorCore/EditorUtility.cs:593)
UnityEditor.ProBuilder.HierarchyListener:.cctor () (at Library/PackageCache/com.unity.probuilder@4.4.0/Editor/EditorCore/HierarchyListener.cs:21)
System.Runtime.CompilerServices.RuntimeHelpers:RunClassConstructor (System.RuntimeTypeHandle)
UnityEditor.EditorAssemblies:ProcessInitializeOnLoadAttributes (System.Type[])

[Library/PackageCache/com.unity.probuilder@4.4.0/Editor/EditorCore/EditorUtility.cs line 593]

Invoked RoslynAnalysisRunner static constructor.
RoslynAnalysisRunner will not be running.
RoslynAnalysisRunner has terminated.
Mono: successfully reloaded assembly
- Completed reload, in  1.831 seconds
Platform modules already initialized, skipping
Refreshing native plugins compatible for Editor in 0.84 ms, found 0 plugins.
Preloading 0 native plugins for Editor in 0.00 ms.
Unloading 2184 Unused Serialized files (Serialized files now loaded: 0)
System memory in use before: 179.5 MB.
System memory in use after: 179.7 MB.

Unloading 6 unused Assets to reduce memory usage. Loaded Objects now: 2751.
Total: 4.065500 ms (FindLiveObjects: 0.381900 ms CreateObjectMapping: 0.188900 ms MarkObjects: 3.423400 ms  DeleteObjects: 0.069600 ms)

========================================================================
Received Import Request.
  Time since last request: 588.150087 seconds.
  path: Assets/Turntable_platforms/Prefabs/base_prefabs/platform1.prefab
  artifactKey: Guid(eb435e31be2b70d4287ef876374d53b9) Importer(815301076,1909f56bfc062723c751e8b465ee728b)
Start importing Assets/Turntable_platforms/Prefabs/base_prefabs/platform1.prefab using Guid(eb435e31be2b70d4287ef876374d53b9) Importer(815301076,1909f56bfc062723c751e8b465ee728b)  -> (artifact id: '558328cf5ec837663976ca500e6fd084') in 0.420017 seconds
  Import took 0.433677 seconds .

========================================================================
Received Import Request.
  Time since last request: 17.775975 seconds.
  path: Assets/MainGame/Resources/Prefabs/platform4 Variant.prefab
  artifactKey: Guid(859192984074f054292d5ea2b3271caf) Importer(815301076,1909f56bfc062723c751e8b465ee728b)
Start importing Assets/MainGame/Resources/Prefabs/platform4 Variant.prefab using Guid(859192984074f054292d5ea2b3271caf) Importer(815301076,1909f56bfc062723c751e8b465ee728b)  -> (artifact id: '7cf4e0326258212f0a8f15450f8928e7') in 0.048605 seconds
  Import took 0.058044 seconds .

========================================================================
Received Import Request.
  Time since last request: 4.911639 seconds.
  path: Assets/MainGame/_Scenes/FirstLevel.unity
  artifactKey: Guid(a93c8f727f3196941b92761d8a44628c) Importer(815301076,1909f56bfc062723c751e8b465ee728b)
Start importing Assets/MainGame/_Scenes/FirstLevel.unity using Guid(a93c8f727f3196941b92761d8a44628c) Importer(815301076,1909f56bfc062723c751e8b465ee728b)  -> (artifact id: '3454f51cf3e281dec0402ce6f3ab583f') in 0.005322 seconds
  Import took 0.011205 seconds .

========================================================================
Received Prepare
Registering precompiled user dll's ...
Registered in 0.002447 seconds.
Begin MonoManager ReloadAssembly
Native extension for WindowsStandalone target not found
Native extension for WebGL target not found
Refreshing native plugins compatible for Editor in 2.06 ms, found 0 plugins.
Preloading 0 native plugins for Editor in 0.00 ms.
Warning: Annotation not found!
UnityEngine.StackTraceUtility:ExtractStackTrace ()
UnityEditor.ProBuilder.EditorUtility:SetGizmoIconEnabled (System.Type,bool) (at Library/PackageCache/com.unity.probuilder@4.4.0/Editor/EditorCore/EditorUtility.cs:593)
UnityEditor.ProBuilder.HierarchyListener:.cctor () (at Library/PackageCache/com.unity.probuilder@4.4.0/Editor/EditorCore/HierarchyListener.cs:21)
System.Runtime.CompilerServices.RuntimeHelpers:RunClassConstructor (System.RuntimeTypeHandle)
UnityEditor.EditorAssemblies:ProcessInitializeOnLoadAttributes (System.Type[])

[Library/PackageCache/com.unity.probuilder@4.4.0/Editor/EditorCore/EditorUtility.cs line 593]

Invoked RoslynAnalysisRunner static constructor.
RoslynAnalysisRunner will not be running.
RoslynAnalysisRunner has terminated.
Mono: successfully reloaded assembly
- Completed reload, in  2.191 seconds
Platform modules already initialized, skipping
Refreshing native plugins compatible for Editor in 0.63 ms, found 0 plugins.
Preloading 0 native plugins for Editor in 0.00 ms.
Unloading 2184 Unused Serialized files (Serialized files now loaded: 0)
System memory in use before: 180.0 MB.
System memory in use after: 180.2 MB.

Unloading 6 unused Assets to reduce memory usage. Loaded Objects now: 2754.
Total: 3.713400 ms (FindLiveObjects: 0.423200 ms CreateObjectMapping: 0.169400 ms MarkObjects: 3.051700 ms  DeleteObjects: 0.067100 ms)

========================================================================
Received Prepare
Registering precompiled user dll's ...
Registered in 0.002920 seconds.
Begin MonoManager ReloadAssembly
Native extension for WindowsStandalone target not found
Native extension for WebGL target not found
Refreshing native plugins compatible for Editor in 0.63 ms, found 0 plugins.
Preloading 0 native plugins for Editor in 0.00 ms.
Warning: Annotation not found!
UnityEngine.StackTraceUtility:ExtractStackTrace ()
UnityEditor.ProBuilder.EditorUtility:SetGizmoIconEnabled (System.Type,bool) (at Library/PackageCache/com.unity.probuilder@4.4.0/Editor/EditorCore/EditorUtility.cs:593)
UnityEditor.ProBuilder.HierarchyListener:.cctor () (at Library/PackageCache/com.unity.probuilder@4.4.0/Editor/EditorCore/HierarchyListener.cs:21)
System.Runtime.CompilerServices.RuntimeHelpers:RunClassConstructor (System.RuntimeTypeHandle)
UnityEditor.EditorAssemblies:ProcessInitializeOnLoadAttributes (System.Type[])

[Library/PackageCache/com.unity.probuilder@4.4.0/Editor/EditorCore/EditorUtility.cs line 593]

Invoked RoslynAnalysisRunner static constructor.
RoslynAnalysisRunner will not be running.
RoslynAnalysisRunner has terminated.
Mono: successfully reloaded assembly
- Completed reload, in  2.192 seconds
Platform modules already initialized, skipping
Refreshing native plugins compatible for Editor in 1.48 ms, found 0 plugins.
Preloading 0 native plugins for Editor in 0.00 ms.
Unloading 2183 Unused Serialized files (Serialized files now loaded: 0)
System memory in use before: 180.0 MB.
System memory in use after: 180.2 MB.

Unloading 7 unused Assets to reduce memory usage. Loaded Objects now: 2755.
Total: 13.534700 ms (FindLiveObjects: 1.021800 ms CreateObjectMapping: 0.545300 ms MarkObjects: 11.817100 ms  DeleteObjects: 0.145300 ms)

========================================================================
Received Prepare
Registering precompiled user dll's ...
Registered in 0.002058 seconds.
Begin MonoManager ReloadAssembly
Native extension for WindowsStandalone target not found
Native extension for WebGL target not found
Refreshing native plugins compatible for Editor in 0.69 ms, found 0 plugins.
Preloading 0 native plugins for Editor in 0.00 ms.
Warning: Annotation not found!
UnityEngine.StackTraceUtility:ExtractStackTrace ()
UnityEditor.ProBuilder.EditorUtility:SetGizmoIconEnabled (System.Type,bool) (at Library/PackageCache/com.unity.probuilder@4.4.0/Editor/EditorCore/EditorUtility.cs:593)
UnityEditor.ProBuilder.HierarchyListener:.cctor () (at Library/PackageCache/com.unity.probuilder@4.4.0/Editor/EditorCore/HierarchyListener.cs:21)
System.Runtime.CompilerServices.RuntimeHelpers:RunClassConstructor (System.RuntimeTypeHandle)
UnityEditor.EditorAssemblies:ProcessInitializeOnLoadAttributes (System.Type[])

[Library/PackageCache/com.unity.probuilder@4.4.0/Editor/EditorCore/EditorUtility.cs line 593]

Invoked RoslynAnalysisRunner static constructor.
RoslynAnalysisRunner will not be running.
RoslynAnalysisRunner has terminated.
Mono: successfully reloaded assembly
- Completed reload, in  1.705 seconds
Platform modules already initialized, skipping
Refreshing native plugins compatible for Editor in 0.61 ms, found 0 plugins.
Preloading 0 native plugins for Editor in 0.00 ms.
Unloading 2183 Unused Serialized files (Serialized files now loaded: 0)
System memory in use before: 179.6 MB.
System memory in use after: 179.8 MB.

Unloading 6 unused Assets to reduce memory usage. Loaded Objects now: 2757.
Total: 4.376000 ms (FindLiveObjects: 0.506000 ms CreateObjectMapping: 0.230600 ms MarkObjects: 3.556800 ms  DeleteObjects: 0.081000 ms)

========================================================================
Received Import Request.
  Time since last request: 234.892693 seconds.
  path: Assets/PolarizedPlatformPack
  artifactKey: Guid(c7a887f8a220a5d4990236c1d1723556) Importer(815301076,1909f56bfc062723c751e8b465ee728b)
Start importing Assets/PolarizedPlatformPack using Guid(c7a887f8a220a5d4990236c1d1723556) Importer(815301076,1909f56bfc062723c751e8b465ee728b)  -> (artifact id: 'bc4a77b3445e6cb9cdf34116149421f7') in 0.011644 seconds
  Import took 0.019808 seconds .

========================================================================
Received Import Request.
  Time since last request: 21.646300 seconds.
  path: Assets/PolarizedPlatformPack/Models/cloud.fbx
  artifactKey: Guid(d8c195ca0ca98284c812c4f82d1072f6) Importer(815301076,1909f56bfc062723c751e8b465ee728b)
Start importing Assets/PolarizedPlatformPack/Models/cloud.fbx using Guid(d8c195ca0ca98284c812c4f82d1072f6) Importer(815301076,1909f56bfc062723c751e8b465ee728b)  -> (artifact id: '9ffc8a31a13f7733f5699c7b8dea77c6') in 0.122763 seconds
  Import took 0.130003 seconds .

========================================================================
Received Import Request.
  Time since last request: 0.012928 seconds.
  path: Assets/PolarizedPlatformPack/Models/cloud.fbx
  artifactKey: Guid(d8c195ca0ca98284c812c4f82d1072f6) Importer(815301076,1909f56bfc062723c751e8b465ee728b)
Start importing Assets/PolarizedPlatformPack/Models/cloud.fbx using Guid(d8c195ca0ca98284c812c4f82d1072f6) Importer(815301076,1909f56bfc062723c751e8b465ee728b)  -> (artifact id: '9ffc8a31a13f7733f5699c7b8dea77c6') in 0.028906 seconds
  Import took 0.038834 seconds .

========================================================================
Received Import Request.
  Time since last request: 0.292856 seconds.
  path: Assets/PolarizedPlatformPack/Models/box.fbx
  artifactKey: Guid(1f203d3d33d89234aa7ae161406a2678) Importer(815301076,1909f56bfc062723c751e8b465ee728b)
Start importing Assets/PolarizedPlatformPack/Models/box.fbx using Guid(1f203d3d33d89234aa7ae161406a2678) Importer(815301076,1909f56bfc062723c751e8b465ee728b)  -> (artifact id: '8d4105812f29179a15824f3bc33edc9f') in 0.030319 seconds
  Import took 0.039023 seconds .

========================================================================
Received Import Request.
  Time since last request: 0.445744 seconds.
  path: Assets/PolarizedPlatformPack/Models/coin.fbx
  artifactKey: Guid(e75922adbbc88b34aa5a367aedda0536) Importer(815301076,1909f56bfc062723c751e8b465ee728b)
Start importing Assets/PolarizedPlatformPack/Models/coin.fbx using Guid(e75922adbbc88b34aa5a367aedda0536) Importer(815301076,1909f56bfc062723c751e8b465ee728b)  -> (artifact id: '4e1d077bcb96af43887b239552fad0f5') in 0.028830 seconds
  Import took 0.037554 seconds .

========================================================================
Received Import Request.
  Time since last request: 0.387450 seconds.
  path: Assets/PolarizedPlatformPack/Models/deciduoustree3.fbx
  artifactKey: Guid(55d8f651bca823941b2dfaaa1c488cf2) Importer(815301076,1909f56bfc062723c751e8b465ee728b)
Start importing Assets/PolarizedPlatformPack/Models/deciduoustree3.fbx using Guid(55d8f651bca823941b2dfaaa1c488cf2) Importer(815301076,1909f56bfc062723c751e8b465ee728b)  -> (artifact id: '942608f80651354b947ad1a4a3c95523') in 0.030255 seconds
  Import took 0.037721 seconds .

========================================================================
Received Import Request.
  Time since last request: 1.453129 seconds.
  path: Assets/PolarizedPlatformPack/Models/deciduoustree4.fbx
  artifactKey: Guid(ac114d285df706248af2741b6f52e646) Importer(815301076,1909f56bfc062723c751e8b465ee728b)
Start importing Assets/PolarizedPlatformPack/Models/deciduoustree4.fbx using Guid(ac114d285df706248af2741b6f52e646) Importer(815301076,1909f56bfc062723c751e8b465ee728b)  -> (artifact id: '67fe16fd598c67a84ec0e3f96abcecb4') in 0.026299 seconds
  Import took 0.035303 seconds .

========================================================================
Received Import Request.
  Time since last request: 1.608389 seconds.
  path: Assets/PolarizedPlatformPack/Models/deciduoustree2.fbx
  artifactKey: Guid(30aea9a82218d9a41922cc0cc607bba4) Importer(815301076,1909f56bfc062723c751e8b465ee728b)
Start importing Assets/PolarizedPlatformPack/Models/deciduoustree2.fbx using Guid(30aea9a82218d9a41922cc0cc607bba4) Importer(815301076,1909f56bfc062723c751e8b465ee728b)  -> (artifact id: '9b9b9bc0dc97d315c689d6c78b3fd6a9') in 0.031173 seconds
  Import took 0.039826 seconds .

========================================================================
Received Import Request.
  Time since last request: 4.281534 seconds.
  path: Assets/PolarizedPlatformPack/Models/deciduoustree1.fbx
  artifactKey: Guid(2f421a9f30677a14c8735e0e0667e1a9) Importer(815301076,1909f56bfc062723c751e8b465ee728b)
Start importing Assets/PolarizedPlatformPack/Models/deciduoustree1.fbx using Guid(2f421a9f30677a14c8735e0e0667e1a9) Importer(815301076,1909f56bfc062723c751e8b465ee728b)  -> (artifact id: '1e1717c0c93f346f7b739ce4b8ef7fb1') in 0.028106 seconds
  Import took 0.040862 seconds .

========================================================================
Received Import Request.
  Time since last request: 1.389639 seconds.
  path: Assets/PolarizedPlatformPack/Models/fence.fbx
  artifactKey: Guid(637864889db4b1444aae964df72c7580) Importer(815301076,1909f56bfc062723c751e8b465ee728b)
Start importing Assets/PolarizedPlatformPack/Models/fence.fbx using Guid(637864889db4b1444aae964df72c7580) Importer(815301076,1909f56bfc062723c751e8b465ee728b)  -> (artifact id: '385d51c08c4e61bcc9ced73fdc5a9b61') in 0.028672 seconds
  Import took 0.038569 seconds .

========================================================================
Received Import Request.
  Time since last request: 0.446645 seconds.
  path: Assets/PolarizedPlatformPack/Models/fenceend.fbx
  artifactKey: Guid(30178f96980e4fc44914f5f5491b3241) Importer(815301076,1909f56bfc062723c751e8b465ee728b)
Start importing Assets/PolarizedPlatformPack/Models/fenceend.fbx using Guid(30178f96980e4fc44914f5f5491b3241) Importer(815301076,1909f56bfc062723c751e8b465ee728b)  -> (artifact id: '1fbe77866fc1fb1723482daf7ccbf181') in 0.048883 seconds
  Import took 0.059197 seconds .

========================================================================
Received Import Request.
  Time since last request: 0.378604 seconds.
  path: Assets/PolarizedPlatformPack/Models/pinetree.fbx
  artifactKey: Guid(6d18abe76f124af4e81e803d1cebebcb) Importer(815301076,1909f56bfc062723c751e8b465ee728b)
Start importing Assets/PolarizedPlatformPack/Models/pinetree.fbx using Guid(6d18abe76f124af4e81e803d1cebebcb) Importer(815301076,1909f56bfc062723c751e8b465ee728b)  -> (artifact id: 'd42ed74e16d3cf3b6ab960ace791a2e3') in 0.030118 seconds
  Import took 0.042152 seconds .

========================================================================
Received Import Request.
  Time since last request: 0.457970 seconds.
  path: Assets/PolarizedPlatformPack/Models/stone1.fbx
  artifactKey: Guid(9ae429185e353d249b65d25a866a8db1) Importer(815301076,1909f56bfc062723c751e8b465ee728b)
Start importing Assets/PolarizedPlatformPack/Models/stone1.fbx using Guid(9ae429185e353d249b65d25a866a8db1) Importer(815301076,1909f56bfc062723c751e8b465ee728b)  -> (artifact id: '2aeedaa638b8c3f076e019801c0dab92') in 0.023614 seconds
  Import took 0.030137 seconds .

========================================================================
Received Import Request.
  Time since last request: 0.889436 seconds.
  path: Assets/PolarizedPlatformPack/Models/stone2.fbx
  artifactKey: Guid(a7c8a1bbaa8d4dd40bd43d707b9a7a1e) Importer(815301076,1909f56bfc062723c751e8b465ee728b)
Start importing Assets/PolarizedPlatformPack/Models/stone2.fbx using Guid(a7c8a1bbaa8d4dd40bd43d707b9a7a1e) Importer(815301076,1909f56bfc062723c751e8b465ee728b)  -> (artifact id: '0305f15905fe74bcda3181fca1503df8') in 0.022395 seconds
  Import took 0.028707 seconds .

========================================================================
Received Import Request.
  Time since last request: 0.380404 seconds.
  path: Assets/PolarizedPlatformPack/Models/stone3.fbx
  artifactKey: Guid(dded28860a762d543bd0afa8dc11192d) Importer(815301076,1909f56bfc062723c751e8b465ee728b)
Start importing Assets/PolarizedPlatformPack/Models/stone3.fbx using Guid(dded28860a762d543bd0afa8dc11192d) Importer(815301076,1909f56bfc062723c751e8b465ee728b)  -> (artifact id: '584de42c3cf6dd297126cee51baf2368') in 0.027166 seconds
  Import took 0.034434 seconds .

========================================================================
Received Import Request.
  Time since last request: 3.187169 seconds.
  path: Assets/PolarizedPlatformPack/Models/platform.fbx
  artifactKey: Guid(e554807b3681a42498523d47fa27fcef) Importer(815301076,1909f56bfc062723c751e8b465ee728b)
Start importing Assets/PolarizedPlatformPack/Models/platform.fbx using Guid(e554807b3681a42498523d47fa27fcef) Importer(815301076,1909f56bfc062723c751e8b465ee728b)  -> (artifact id: '63af0ad43fbd411da75e7078331f634e') in 0.029332 seconds
  Import took 0.039588 seconds .

========================================================================
Received Import Request.
  Time since last request: 102.820730 seconds.
  path: Assets/Standard Assets/Effects/ImageEffects/Textures/RandomVectors.png
  artifactKey: Guid(a181ca8e3c62f3e4b8f183f6c586b032) Importer(815301076,1909f56bfc062723c751e8b465ee728b)
Start importing Assets/Standard Assets/Effects/ImageEffects/Textures/RandomVectors.png using Guid(a181ca8e3c62f3e4b8f183f6c586b032) Importer(815301076,1909f56bfc062723c751e8b465ee728b)  -> (artifact id: '8cb47c9cd954f2e0e19e55e79b807475') in 0.036112 seconds
  Import took 0.050282 seconds .

========================================================================
Received Import Request.
  Time since last request: 0.111175 seconds.
  path: Assets/Standard Assets/Effects/ImageEffects/Textures/RandomVectors.png
  artifactKey: Guid(a181ca8e3c62f3e4b8f183f6c586b032) Importer(815301076,1909f56bfc062723c751e8b465ee728b)
Start importing Assets/Standard Assets/Effects/ImageEffects/Textures/RandomVectors.png using Guid(a181ca8e3c62f3e4b8f183f6c586b032) Importer(815301076,1909f56bfc062723c751e8b465ee728b)  -> (artifact id: '8cb47c9cd954f2e0e19e55e79b807475') in 0.025305 seconds
  Import took 0.037631 seconds .

========================================================================
Received Import Request.
  Time since last request: 0.350894 seconds.
  path: Assets/Standard Assets/Effects/ImageEffects/Textures/VignetteMask.png
  artifactKey: Guid(95ef4804fe0be4c999ddaa383536cde8) Importer(815301076,1909f56bfc062723c751e8b465ee728b)
Start importing Assets/Standard Assets/Effects/ImageEffects/Textures/VignetteMask.png using Guid(95ef4804fe0be4c999ddaa383536cde8) Importer(815301076,1909f56bfc062723c751e8b465ee728b)  -> (artifact id: '65787700a53448f3c2963065d6ae95b2') in 0.027765 seconds
  Import took 0.041088 seconds .

========================================================================
Received Prepare
Registering precompiled user dll's ...
Registered in 0.002106 seconds.
Begin MonoManager ReloadAssembly
Native extension for WindowsStandalone target not found
Native extension for WebGL target not found
Refreshing native plugins compatible for Editor in 0.70 ms, found 0 plugins.
Preloading 0 native plugins for Editor in 0.00 ms.
Warning: Annotation not found!
UnityEngine.StackTraceUtility:ExtractStackTrace ()
UnityEditor.ProBuilder.EditorUtility:SetGizmoIconEnabled (System.Type,bool) (at Library/PackageCache/com.unity.probuilder@4.4.0/Editor/EditorCore/EditorUtility.cs:593)
UnityEditor.ProBuilder.HierarchyListener:.cctor () (at Library/PackageCache/com.unity.probuilder@4.4.0/Editor/EditorCore/HierarchyListener.cs:21)
System.Runtime.CompilerServices.RuntimeHelpers:RunClassConstructor (System.RuntimeTypeHandle)
UnityEditor.EditorAssemblies:ProcessInitializeOnLoadAttributes (System.Type[])

[Library/PackageCache/com.unity.probuilder@4.4.0/Editor/EditorCore/EditorUtility.cs line 593]

Invoked RoslynAnalysisRunner static constructor.
RoslynAnalysisRunner will not be running.
RoslynAnalysisRunner has terminated.
Mono: successfully reloaded assembly
- Completed reload, in  1.990 seconds
Platform modules already initialized, skipping
Refreshing native plugins compatible for Editor in 1.02 ms, found 0 plugins.
Preloading 0 native plugins for Editor in 0.00 ms.
Unloading 2183 Unused Serialized files (Serialized files now loaded: 0)
System memory in use before: 179.9 MB.
System memory in use after: 180.1 MB.

Unloading 6 unused Assets to reduce memory usage. Loaded Objects now: 2761.
Total: 7.455900 ms (FindLiveObjects: 0.504300 ms CreateObjectMapping: 0.233300 ms MarkObjects: 6.650600 ms  DeleteObjects: 0.065600 ms)

========================================================================
Received Prepare
Registering precompiled user dll's ...
Registered in 0.005750 seconds.
Begin MonoManager ReloadAssembly
Native extension for WindowsStandalone target not found
Native extension for WebGL target not found
Refreshing native plugins compatible for Editor in 1.11 ms, found 0 plugins.
Preloading 0 native plugins for Editor in 0.00 ms.
Warning: Annotation not found!
UnityEngine.StackTraceUtility:ExtractStackTrace ()
UnityEditor.ProBuilder.EditorUtility:SetGizmoIconEnabled (System.Type,bool) (at Library/PackageCache/com.unity.probuilder@4.4.0/Editor/EditorCore/EditorUtility.cs:593)
UnityEditor.ProBuilder.HierarchyListener:.cctor () (at Library/PackageCache/com.unity.probuilder@4.4.0/Editor/EditorCore/HierarchyListener.cs:21)
System.Runtime.CompilerServices.RuntimeHelpers:RunClassConstructor (System.RuntimeTypeHandle)
UnityEditor.EditorAssemblies:ProcessInitializeOnLoadAttributes (System.Type[])

[Library/PackageCache/com.unity.probuilder@4.4.0/Editor/EditorCore/EditorUtility.cs line 593]

Invoked RoslynAnalysisRunner static constructor.
RoslynAnalysisRunner will not be running.
RoslynAnalysisRunner has terminated.
Mono: successfully reloaded assembly
- Completed reload, in  2.296 seconds
Platform modules already initialized, skipping
Refreshing native plugins compatible for Editor in 0.81 ms, found 0 plugins.
Preloading 0 native plugins for Editor in 0.00 ms.
Unloading 2183 Unused Serialized files (Serialized files now loaded: 0)
System memory in use before: 180.0 MB.
System memory in use after: 180.2 MB.

Unloading 6 unused Assets to reduce memory usage. Loaded Objects now: 2763.
Total: 4.613000 ms (FindLiveObjects: 0.382800 ms CreateObjectMapping: 0.216900 ms MarkObjects: 3.934800 ms  DeleteObjects: 0.076600 ms)

========================================================================
Received Import Request.
  Time since last request: 117.042618 seconds.
  path: Assets/Supercyan Free Forest Sample/Terrains
  artifactKey: Guid(4c8e90fed087c3a4599b387d34f2635b) Importer(815301076,1909f56bfc062723c751e8b465ee728b)
Start importing Assets/Supercyan Free Forest Sample/Terrains using Guid(4c8e90fed087c3a4599b387d34f2635b) Importer(815301076,1909f56bfc062723c751e8b465ee728b)  -> (artifact id: '711930ca60a9f324940a4ba7a49c6d1f') in 0.012248 seconds
  Import took 0.024811 seconds .

========================================================================
Received Import Request.
  Time since last request: 0.576107 seconds.
  path: Assets/Supercyan Free Forest Sample/Textures
  artifactKey: Guid(7d2966db771d5db42a2d1ce112d24fc6) Importer(815301076,1909f56bfc062723c751e8b465ee728b)
Start importing Assets/Supercyan Free Forest Sample/Textures using Guid(7d2966db771d5db42a2d1ce112d24fc6) Importer(815301076,1909f56bfc062723c751e8b465ee728b)  -> (artifact id: '3e5e5795379953c545eb4b2d8ce5dce5') in 0.007475 seconds
  Import took 0.015165 seconds .

========================================================================
Received Import Request.
  Time since last request: 1.199397 seconds.
  path: Assets/Supercyan Free Forest Sample/TerrainLayers
  artifactKey: Guid(b400aa51b5e6c3941a47ce7dbda137f9) Importer(815301076,1909f56bfc062723c751e8b465ee728b)
Start importing Assets/Supercyan Free Forest Sample/TerrainLayers using Guid(b400aa51b5e6c3941a47ce7dbda137f9) Importer(815301076,1909f56bfc062723c751e8b465ee728b)  -> (artifact id: '114c6050d399d98a4ce1172ff26e48d9') in 0.008296 seconds
  Import took 0.022786 seconds .

========================================================================
Received Import Request.
  Time since last request: 0.480582 seconds.
  path: Assets/Supercyan Free Forest Sample/Shaders
  artifactKey: Guid(a145d4213e4af9f4e9bf71051f19e627) Importer(815301076,1909f56bfc062723c751e8b465ee728b)
Start importing Assets/Supercyan Free Forest Sample/Shaders using Guid(a145d4213e4af9f4e9bf71051f19e627) Importer(815301076,1909f56bfc062723c751e8b465ee728b)  -> (artifact id: '74c9df53267937d5dc748a05c2f0197d') in 0.008406 seconds
  Import took 0.014914 seconds .

========================================================================
Received Import Request.
  Time since last request: 0.501672 seconds.
  path: Assets/Supercyan Free Forest Sample/Scenes
  artifactKey: Guid(3a5136e13fd179f49ad55a85daa0a6fa) Importer(815301076,1909f56bfc062723c751e8b465ee728b)
Start importing Assets/Supercyan Free Forest Sample/Scenes using Guid(3a5136e13fd179f49ad55a85daa0a6fa) Importer(815301076,1909f56bfc062723c751e8b465ee728b)  -> (artifact id: 'ee4ccd15a27ef035b06e99257010f237') in 0.006684 seconds
  Import took 0.014114 seconds .

========================================================================
Received Import Request.
  Time since last request: 0.294643 seconds.
  path: Assets/Supercyan Free Forest Sample/Prefabs
  artifactKey: Guid(eff4a63e5fb72db4094c7dce6e6ae0ef) Importer(815301076,1909f56bfc062723c751e8b465ee728b)
Start importing Assets/Supercyan Free Forest Sample/Prefabs using Guid(eff4a63e5fb72db4094c7dce6e6ae0ef) Importer(815301076,1909f56bfc062723c751e8b465ee728b)  -> (artifact id: '294583d94ad3953c8c678740d63bf45c') in 0.020583 seconds
  Import took 0.035433 seconds .

========================================================================
Received Import Request.
  Time since last request: 1.462767 seconds.
  path: Assets/Supercyan Free Forest Sample/Prefabs/Mobile
  artifactKey: Guid(ea064462ce028fc4ea92a414ff4da291) Importer(815301076,1909f56bfc062723c751e8b465ee728b)
Start importing Assets/Supercyan Free Forest Sample/Prefabs/Mobile using Guid(ea064462ce028fc4ea92a414ff4da291) Importer(815301076,1909f56bfc062723c751e8b465ee728b)  -> (artifact id: 'e36a54e9ed2a8faa474754f81d405576') in 0.009877 seconds
  Import took 0.020498 seconds .

========================================================================
Received Import Request.
  Time since last request: 1.431702 seconds.
  path: Assets/Supercyan Free Forest Sample/Prefabs/Mobile/Tree
  artifactKey: Guid(3e5c71be91d55394f9078eb682cc716a) Importer(815301076,1909f56bfc062723c751e8b465ee728b)
Start importing Assets/Supercyan Free Forest Sample/Prefabs/Mobile/Tree using Guid(3e5c71be91d55394f9078eb682cc716a) Importer(815301076,1909f56bfc062723c751e8b465ee728b)  -> (artifact id: 'f18c21c553fa49f8d9aaae6b22811e73') in 0.008220 seconds
  Import took 0.016686 seconds .

========================================================================
Received Import Request.
  Time since last request: 1.549096 seconds.
  path: Assets/Supercyan Free Forest Sample/Prefabs/Mobile/Tree/Fir
  artifactKey: Guid(e2266355fe2904c49924b05343e664df) Importer(815301076,1909f56bfc062723c751e8b465ee728b)
Start importing Assets/Supercyan Free Forest Sample/Prefabs/Mobile/Tree/Fir using Guid(e2266355fe2904c49924b05343e664df) Importer(815301076,1909f56bfc062723c751e8b465ee728b)  -> (artifact id: 'a27669f88223e8b9f030527215094dc5') in 0.012012 seconds
  Import took 0.047669 seconds .

========================================================================
Received Import Request.
  Time since last request: 1.158268 seconds.
  path: Assets/Supercyan Free Forest Sample/Prefabs/Mobile/Tree/Fir/Mobile_forestpack_tree_fir_tall.prefab
  artifactKey: Guid(9c78d16e4711178429930c47d8e89427) Importer(815301076,1909f56bfc062723c751e8b465ee728b)
Start importing Assets/Supercyan Free Forest Sample/Prefabs/Mobile/Tree/Fir/Mobile_forestpack_tree_fir_tall.prefab using Guid(9c78d16e4711178429930c47d8e89427) Importer(815301076,1909f56bfc062723c751e8b465ee728b)  -> (artifact id: 'ece2c4f25dc8c87a09a6b949db6d58fe') in 0.316834 seconds
  Import took 0.325749 seconds .

========================================================================
Received Import Request.
  Time since last request: 21.202721 seconds.
  path: Assets/Supercyan Free Forest Sample/Prefabs/Mobile/Foliage
  artifactKey: Guid(37203cd677fbf4f4e976519219bb7f5f) Importer(815301076,1909f56bfc062723c751e8b465ee728b)
Start importing Assets/Supercyan Free Forest Sample/Prefabs/Mobile/Foliage using Guid(37203cd677fbf4f4e976519219bb7f5f) Importer(815301076,1909f56bfc062723c751e8b465ee728b)  -> (artifact id: '978dad0958a850943b38cd9ba37150e5') in 0.007996 seconds
  Import took 0.016379 seconds .

========================================================================
Received Import Request.
  Time since last request: 1.013045 seconds.
  path: Assets/Supercyan Free Forest Sample/Prefabs/Mobile/Foliage/Grass
  artifactKey: Guid(a251d1edd0885df41a12500d4941aec6) Importer(815301076,1909f56bfc062723c751e8b465ee728b)
Start importing Assets/Supercyan Free Forest Sample/Prefabs/Mobile/Foliage/Grass using Guid(a251d1edd0885df41a12500d4941aec6) Importer(815301076,1909f56bfc062723c751e8b465ee728b)  -> (artifact id: 'cd3280562a1696faf2c234a1c0875cb0') in 0.008859 seconds
  Import took 0.017029 seconds .

========================================================================
Received Import Request.
  Time since last request: 0.656555 seconds.
  path: Assets/Supercyan Free Forest Sample/Prefabs/Mobile/Foliage/Grass/Mobile_forestpack_foliage_grassPatch_small_1.prefab
  artifactKey: Guid(b2e600f943c41f34a89a2843ea98a353) Importer(815301076,1909f56bfc062723c751e8b465ee728b)
Start importing Assets/Supercyan Free Forest Sample/Prefabs/Mobile/Foliage/Grass/Mobile_forestpack_foliage_grassPatch_small_1.prefab using Guid(b2e600f943c41f34a89a2843ea98a353) Importer(815301076,1909f56bfc062723c751e8b465ee728b)  -> (artifact id: '588f71b51a52c6e89ef693cdd39c3f47') in 0.023767 seconds
  Import took 0.031043 seconds .

========================================================================
Received Import Request.
  Time since last request: 0.596376 seconds.
  path: Assets/Supercyan Free Forest Sample/Prefabs/Mobile/Foliage/Grass/Mobile_forestpack_foliage_grassPatch_small_2.prefab
  artifactKey: Guid(fcd7ea59a703cb64dada04e84ec8a7e4) Importer(815301076,1909f56bfc062723c751e8b465ee728b)
Start importing Assets/Supercyan Free Forest Sample/Prefabs/Mobile/Foliage/Grass/Mobile_forestpack_foliage_grassPatch_small_2.prefab using Guid(fcd7ea59a703cb64dada04e84ec8a7e4) Importer(815301076,1909f56bfc062723c751e8b465ee728b)  -> (artifact id: '5641eed51a9e3584d537085aed91fcbe') in 0.028091 seconds
  Import took 0.037526 seconds .

========================================================================
Received Import Request.
  Time since last request: 4.310256 seconds.
  path: Assets/Supercyan Free Forest Sample/Prefabs/Mobile/Sign/Mobile_forestpack_roadSign_westEast_1.prefab
  artifactKey: Guid(7dcb4ddbbd1968048b5428e0767e99a7) Importer(815301076,1909f56bfc062723c751e8b465ee728b)
Start importing Assets/Supercyan Free Forest Sample/Prefabs/Mobile/Sign/Mobile_forestpack_roadSign_westEast_1.prefab using Guid(7dcb4ddbbd1968048b5428e0767e99a7) Importer(815301076,1909f56bfc062723c751e8b465ee728b)  -> (artifact id: '1f714bc2a0623aff0632e02c6a742c05') in 0.054171 seconds
  Import took 0.062666 seconds .

========================================================================
Received Import Request.
  Time since last request: 2.900315 seconds.
  path: Assets/Supercyan Free Forest Sample/Prefabs/Mobile/Stone/Mobile_forestpack_stone_large_1.prefab
  artifactKey: Guid(652b7496d137e084a84a2e400f3769ff) Importer(815301076,1909f56bfc062723c751e8b465ee728b)
Start importing Assets/Supercyan Free Forest Sample/Prefabs/Mobile/Stone/Mobile_forestpack_stone_large_1.prefab using Guid(652b7496d137e084a84a2e400f3769ff) Importer(815301076,1909f56bfc062723c751e8b465ee728b)  -> (artifact id: '10b78463f984c10592e07cbdcf2dd158') in 0.071009 seconds
  Import took 0.082797 seconds .

========================================================================
Received Import Request.
  Time since last request: 0.453470 seconds.
  path: Assets/Supercyan Free Forest Sample/Prefabs/Mobile/Stone/Mobile_forestpack_stone_medium_1.prefab
  artifactKey: Guid(7e473d16764048e40986f54d84b14754) Importer(815301076,1909f56bfc062723c751e8b465ee728b)
Start importing Assets/Supercyan Free Forest Sample/Prefabs/Mobile/Stone/Mobile_forestpack_stone_medium_1.prefab using Guid(7e473d16764048e40986f54d84b14754) Importer(815301076,1909f56bfc062723c751e8b465ee728b)  -> (artifact id: '5fc07d8daa341a568781376fa068e743') in 0.044745 seconds
  Import took 0.055530 seconds .

========================================================================
Received Import Request.
  Time since last request: 13.970444 seconds.
  path: Assets/Supercyan Free Forest Sample/Scenes/MoodyNight
  artifactKey: Guid(36aabe72e2b2a3e4abf8f2e8906e9e5f) Importer(815301076,1909f56bfc062723c751e8b465ee728b)
Start importing Assets/Supercyan Free Forest Sample/Scenes/MoodyNight using Guid(36aabe72e2b2a3e4abf8f2e8906e9e5f) Importer(815301076,1909f56bfc062723c751e8b465ee728b)  -> (artifact id: '3be2813aaf4ad66dbd7b9af2d45f2ecf') in 0.006945 seconds
  Import took 0.021445 seconds .

========================================================================
Received Import Request.
  Time since last request: 474.466855 seconds.
  path: Assets/MainGame/Resources/GUI Elements/UI_Backgrounds/UI_Main_BG.jpg
  artifactKey: Guid(98ec80c8fbb2bf648a138d5a2b853755) Importer(815301076,1909f56bfc062723c751e8b465ee728b)
Start importing Assets/MainGame/Resources/GUI Elements/UI_Backgrounds/UI_Main_BG.jpg using Guid(98ec80c8fbb2bf648a138d5a2b853755) Importer(815301076,1909f56bfc062723c751e8b465ee728b)  -> (artifact id: '695ba294639b611d2646f97ee2e16cd9') in 0.093752 seconds
  Import took 0.105297 seconds .

========================================================================
Received Import Request.
  Time since last request: 0.274043 seconds.
  path: Assets/MainGame/Resources/GUI Elements/UI_Backgrounds/UI_Long_Strip_Decay.psd
  artifactKey: Guid(daa11c4ce0b46f447a3109028e38e65f) Importer(815301076,1909f56bfc062723c751e8b465ee728b)
Start importing Assets/MainGame/Resources/GUI Elements/UI_Backgrounds/UI_Long_Strip_Decay.psd using Guid(daa11c4ce0b46f447a3109028e38e65f) Importer(815301076,1909f56bfc062723c751e8b465ee728b)  -> (artifact id: '6d4e954ba527b91a19671b8225e39c99') in 0.043980 seconds
  Import took 0.050269 seconds .

AssetImportWorkerClient::OnTransportError - code=2 error=End of file
